<?xml version="1.0" encoding="UTF-8" standalone="no"?>
<!DOCTYPE log SYSTEM "logger.dtd">
<log>
<record>
  <date>2014-12-21T01:33:04</date>
  <millis>1419143584259</millis>
  <sequence>0</sequence>
  <logger>Tickets.Logging.LoggerExample</logger>
  <level>CONFIG</level>
  <class>Tickets.Logging.HandlerExample</class>
  <method>main</method>
  <thread>1</thread>
  <message>Configuration done.</message>
</record>
<record>
  <date>2014-12-21T01:33:04</date>
  <millis>1419143584278</millis>
  <sequence>1</sequence>
  <logger>Tickets.Logging.LoggerExample</logger>
  <level>FINE</level>
  <class>Tickets.Logging.HandlerExample</class>
  <method>main</method>
  <thread>1</thread>
  <message>Finer logged</message>
</record>
<record>
  <date>2014-12-21T01:33:04</date>
  <millis>1419143584278</millis>
  <sequence>2</sequence>
  <logger>Tickets.Logging.LoggerExample</logger>
  <level>FINER</level>
  <class>Tickets.Logging.HandlerExample</class>
  <method>main</method>
  <thread>1</thread>
  <message>Finest example on LOGGER handler completed.</message>
</record>
</log>
